Start testing: Mar 17 17:42 CET
----------------------------------------------------------
1/3 Testing: Test fetchData function
1/3 Test: Test fetchData function
Command: "/home/krisp/fun/open_weather_api/test/test_weather_api" "Test fetchData function"
Directory: /home/krisp/fun/open_weather_api/test
"Test fetchData function" start time: Mar 17 17:42 CET
Output:
----------------------------------------------------------
Filters: Test fetchData function
===============================================================================
test cases: 1 | 1 passed
assertions: - none -

<end of output>
Test time =   0.01 sec
----------------------------------------------------------
Test Passed.
"Test fetchData function" end time: Mar 17 17:42 CET
"Test fetchData function" time elapsed: 00:00:00
----------------------------------------------------------

2/3 Testing: Test parseJson function
2/3 Test: Test parseJson function
Command: "/home/krisp/fun/open_weather_api/test/test_weather_api" "Test parseJson function"
Directory: /home/krisp/fun/open_weather_api/test
"Test parseJson function" start time: Mar 17 17:42 CET
Output:
----------------------------------------------------------
Filters: Test parseJson function
===============================================================================
All tests passed (2 assertions in 1 test case)

<end of output>
Test time =   0.01 sec
----------------------------------------------------------
Test Passed.
"Test parseJson function" end time: Mar 17 17:42 CET
"Test parseJson function" time elapsed: 00:00:00
----------------------------------------------------------

3/3 Testing: Test extractWeatherInfo function
3/3 Test: Test extractWeatherInfo function
Command: "/home/krisp/fun/open_weather_api/test/test_weather_api" "Test extractWeatherInfo function"
Directory: /home/krisp/fun/open_weather_api/test
"Test extractWeatherInfo function" start time: Mar 17 17:42 CET
Output:
----------------------------------------------------------
Filters: Test extractWeatherInfo function
---------- Current weather conditions ----------
Temperature: 25.41 Celsius
Humidity: 41%
Atmospheric pressure: 1018 hPa
Weather description: few clouds
Wind speed: 3.09 m/s
Research station: Lisbon
===============================================================================
All tests passed (2 assertions in 1 test case)

<end of output>
Test time =   0.01 sec
----------------------------------------------------------
Test Passed.
"Test extractWeatherInfo function" end time: Mar 17 17:42 CET
"Test extractWeatherInfo function" time elapsed: 00:00:00
----------------------------------------------------------

End testing: Mar 17 17:42 CET
